<!DOCTYPE html PUBLIC "-//W3C//DTD XHTML 1.1//EN" "http://www.w3.org/TR/xhtml11/DTD/xhtml11.dtd">
<html xmlns="http://www.w3.org/1999/xhtml"><head><title>TestNG Report</title><style type="text/css">table {margin-bottom:10px;border-collapse:collapse;empty-cells:show}th,td {border:1px solid #009;padding:.25em .5em}th {vertical-align:bottom}td {vertical-align:top}table a {font-weight:bold}.stripe td {background-color: #E6EBF9}.num {text-align:right}.passedodd td {background-color: #3F3}.passedeven td {background-color: #0A0}.skippedodd td {background-color: #DDD}.skippedeven td {background-color: #CCC}.failedodd td,.attn {background-color: #F33}.failedeven td,.stripe .attn {background-color: #D00}.stacktrace {white-space:pre;font-family:monospace}.totop {font-size:85%;text-align:center;border-bottom:2px solid #000}</style></head><body><table><tr><th>Test</th><th># Passed</th><th># Skipped</th><th># Failed</th><th>Time (ms)</th><th>Included Groups</th><th>Excluded Groups</th></tr><tr><th colspan="7">Expedia Test</th></tr><tr><td><a href="#t0">Flight Search Test</a></td><td class="num">0</td><td class="num">0</td><td class="num attn">1</td><td class="num">272,444</td><td></td><td></td></tr><tr class="stripe"><td><a href="#t1">Signin Test</a></td><td class="num">0</td><td class="num attn">2</td><td class="num">0</td><td class="num">915</td><td></td><td></td></tr><tr><td><a href="#t2">Create Account Test</a></td><td class="num">0</td><td class="num attn">1</td><td class="num attn">2</td><td class="num">15,423</td><td></td><td></td></tr><tr><th>Total</th><th class="num">0</th><th class="num attn">3</th><th class="num attn">3</th><th class="num">288,782</th><th colspan="2"></th></tr></table><table id='summary'><thead><tr><th>Class</th><th>Method</th><th>Start</th><th>Time (ms)</th></tr></thead><tbody><tr><th colspan="4">Expedia Test</th></tr></tbody><tbody id="t0"><tr><th colspan="4">Flight Search Test &#8212; failed</th></tr><tr class="failedeven"><td rowspan="1">TestCases.FlightSearchTest</td><td><a href="#m0">flightSearchTest</a></td><td rowspan="1">1566103392849</td><td rowspan="1">271433</td></tr></tbody><tbody id="t1"><tr><th colspan="4">Signin Test &#8212; skipped</th></tr><tr class="skippedeven"><td rowspan="2">TestCases.SignInTest</td><td><a href="#m1">signInTest</a></td><td rowspan="2">1566103665408</td><td rowspan="2">1</td></tr><tr class="skippedeven"><td><a href="#m2">signInTest</a></td></tr></tbody><tbody id="t2"><tr><th colspan="4">Create Account Test &#8212; failed</th></tr><tr class="failedeven"><td rowspan="2">TestCases.CreateAccountTest</td><td><a href="#m3">createAccountTest</a></td><td rowspan="2">1566103666383</td><td rowspan="2">3579</td></tr><tr class="failedeven"><td><a href="#m4">createAccountTest</a></td></tr><tr><th colspan="4">Create Account Test &#8212; skipped</th></tr><tr class="skippedeven"><td rowspan="1">TestCases.CreateAccountTest</td><td><a href="#m5">createAccountTest</a></td><td rowspan="1">1566103676817</td><td rowspan="1">1</td></tr></tbody></table><h2>Flight Search Test</h2><h3 id="m0">TestCases.FlightSearchTest#flightSearchTest</h3><table class="result"><tr class="param"><th>Parameter #1</th></tr><tr class="param stripe"><td>{fromsource=Kolkata, India (CCU-Netaji Subhash Chandra Bose Intl.), todate=9/18/19, todestination=Delhi, India (DEL-Indira Gandhi Intl.), runmode=Y, fromdate=8/25/19}</td></tr><tr><th>Messages</th></tr><tr><td><div class="messages">Test Verification Failes with Exception : expected [7] but found [5]<br/><a target="_blank" href ="C:\Users\ArnabKundu\eclipse-workspace\POMwithPageFactories\src\test\resources\VerifyTestScreenShotsSun_Aug_18_10_13_12_IST_2019.jpg">ScreenShot</a> <br/><br><br/><br><br/><a target = "_blank" href="C:\Users\ArnabKundu\eclipse-workspace\POMwithPageFactories\src\test\resources\VerifyTestScreenShotsSun_Aug_18_10_13_12_IST_2019.jpg"><img src ="C:\Users\ArnabKundu\eclipse-workspace\POMwithPageFactories\src\test\resources\VerifyTestScreenShotsSun_Aug_18_10_13_12_IST_2019.jpg" height=150 width=120></img></a></div></td></tr><tr><th>Exception</th></tr><tr><td><div class="stacktrace">org.openqa.selenium.NoSuchWindowException: no such window: target window already closed
from unknown error: web view not found
  (Session info: chrome=76.0.3809.100)
Build info: version: &apos;3.141.59&apos;, revision: &apos;e82be7d358&apos;, time: &apos;2018-11-14T08:17:03&apos;
System info: host: &apos;AKUNDU18&apos;, ip: &apos;192.168.1.106&apos;, os.name: &apos;Windows 10&apos;, os.arch: &apos;amd64&apos;, os.version: &apos;10.0&apos;, java.version: &apos;1.8.0_211&apos;
Driver info: org.openqa.selenium.chrome.ChromeDriver
Capabilities {acceptInsecureCerts: false, browserName: chrome, browserVersion: 76.0.3809.100, chrome: {chromedriverVersion: 76.0.3809.68 (420c9498db8ce..., userDataDir: C:\Users\ARNABK~1\AppData\L...}, goog:chromeOptions: {debuggerAddress: localhost:50203}, javascriptEnabled: true, networkConnectionEnabled: false, pageLoadStrategy: normal, platform: XP, platformName: XP, proxy: Proxy(), setWindowRect: true, strictFileInteractability: false, timeouts: {implicit: 0, pageLoad: 300000, script: 30000}, unhandledPromptBehavior: dismiss and notify}
Session ID: 0dbb5b785f820809811c35d39a906f07
*** Element info: {Using=css selector, value=.btn-primary.btn-action.gcw-submit}
	at org.openqa.selenium.remote.http.W3CHttpResponseCodec.createException(W3CHttpResponseCodec.java:187)
	at org.openqa.selenium.remote.http.W3CHttpResponseCodec.decode(W3CHttpResponseCodec.java:122)
	at org.openqa.selenium.remote.http.W3CHttpResponseCodec.decode(W3CHttpResponseCodec.java:49)
	at org.openqa.selenium.remote.HttpCommandExecutor.execute(HttpCommandExecutor.java:158)
	at org.openqa.selenium.remote.service.DriverCommandExecutor.execute(DriverCommandExecutor.java:83)
	at org.openqa.selenium.remote.RemoteWebDriver.execute(RemoteWebDriver.java:552)
	at org.openqa.selenium.remote.RemoteWebDriver.findElement(RemoteWebDriver.java:323)
	at org.openqa.selenium.remote.RemoteWebDriver.findElementByCssSelector(RemoteWebDriver.java:420)
	at org.openqa.selenium.By$ByCssSelector.findElement(By.java:431)
	at org.openqa.selenium.remote.RemoteWebDriver.findElement(RemoteWebDriver.java:315)
	at org.openqa.selenium.support.pagefactory.DefaultElementLocator.findElement(DefaultElementLocator.java:69)
	at org.openqa.selenium.support.pagefactory.internal.LocatingElementHandler.invoke(LocatingElementHandler.java:38)
	at com.sun.proxy.$Proxy7.toString(Unknown Source)
	at java.lang.String.valueOf(String.java:2994)
	at java.lang.StringBuilder.append(StringBuilder.java:131)
	at BasePage.BaseTest.click(BaseTest.java:101)
	at Pages.HomePage.searchFlight(HomePage.java:51)
	at TestCases.FlightSearchTest.flightSearchTest(FlightSearchTest.java:37)
... Removed 32 stack frames</div></td></tr></table><p class="totop"><a href="#summary">back to summary</a></p><h2>Signin Test</h2><h3 id="m1">TestCases.SignInTest#signInTest</h3><table class="result"><tr class="param"><th>Parameter #1</th></tr><tr class="param stripe"><td>{password=abcdef, runmode=Y, username=abcd@gmail.com}</td></tr><tr><th>Exception</th></tr><tr><td><div class="stacktrace">org.testng.SkipException: Skipping the test as the Run mode is NO
	at TestCases.SignInTest.signInTest(SignInTest.java:25)
... Removed 28 stack frames</div></td></tr></table><p class="totop"><a href="#summary">back to summary</a></p><h3 id="m2">TestCases.SignInTest#signInTest</h3><table class="result"><tr class="param"><th>Parameter #1</th></tr><tr class="param stripe"><td>{password=dsaugidsa, runmode=N, username=xyz@gmail.com}</td></tr><tr><th>Exception</th></tr><tr><td><div class="stacktrace">org.testng.SkipException: Skipping the test as the Run mode is NO
	at TestCases.SignInTest.signInTest(SignInTest.java:25)
... Removed 28 stack frames</div></td></tr></table><p class="totop"><a href="#summary">back to summary</a></p><h2>Create Account Test</h2><h3 id="m3">TestCases.CreateAccountTest#createAccountTest</h3><table class="result"><tr class="param"><th>Parameter #1</th></tr><tr class="param stripe"><td>{lname=Kundu, password=abcd, email=abcd@gmail.com, runmode=Y, fname=Arnab}</td></tr><tr><th>Exception</th></tr><tr><td><div class="stacktrace">org.openqa.selenium.WebDriverException: unknown error: cannot determine loading status
from disconnected: received Inspector.detached event
  (Session info: chrome=76.0.3809.100)
Build info: version: &apos;3.141.59&apos;, revision: &apos;e82be7d358&apos;, time: &apos;2018-11-14T08:17:03&apos;
System info: host: &apos;AKUNDU18&apos;, ip: &apos;192.168.1.106&apos;, os.name: &apos;Windows 10&apos;, os.arch: &apos;amd64&apos;, os.version: &apos;10.0&apos;, java.version: &apos;1.8.0_211&apos;
Driver info: org.openqa.selenium.chrome.ChromeDriver
Capabilities {acceptInsecureCerts: false, browserName: chrome, browserVersion: 76.0.3809.100, chrome: {chromedriverVersion: 76.0.3809.68 (420c9498db8ce..., userDataDir: C:\Users\ARNABK~1\AppData\L...}, goog:chromeOptions: {debuggerAddress: localhost:51024}, javascriptEnabled: true, networkConnectionEnabled: false, pageLoadStrategy: normal, platform: XP, platformName: XP, proxy: Proxy(), setWindowRect: true, strictFileInteractability: false, timeouts: {implicit: 0, pageLoad: 300000, script: 30000}, unhandledPromptBehavior: dismiss and notify}
Session ID: 08755cf3106f6f62d0a1b250a81a5474
	at org.openqa.selenium.remote.http.W3CHttpResponseCodec.createException(W3CHttpResponseCodec.java:187)
	at org.openqa.selenium.remote.http.W3CHttpResponseCodec.decode(W3CHttpResponseCodec.java:122)
	at org.openqa.selenium.remote.http.W3CHttpResponseCodec.decode(W3CHttpResponseCodec.java:49)
	at org.openqa.selenium.remote.HttpCommandExecutor.execute(HttpCommandExecutor.java:158)
	at org.openqa.selenium.remote.service.DriverCommandExecutor.execute(DriverCommandExecutor.java:83)
	at org.openqa.selenium.remote.RemoteWebDriver.execute(RemoteWebDriver.java:552)
	at org.openqa.selenium.remote.RemoteWebDriver.get(RemoteWebDriver.java:277)
	at BasePage.BaseTest.initConfig(BaseTest.java:82)
	at TestCases.CreateAccountTest.createAccountTest(CreateAccountTest.java:35)
... Removed 32 stack frames</div></td></tr></table><p class="totop"><a href="#summary">back to summary</a></p><h3 id="m4">TestCases.CreateAccountTest#createAccountTest</h3><table class="result"><tr class="param"><th>Parameter #1</th></tr><tr class="param stripe"><td>{lname=Kundu, password=dsds, email=adsd@gmail.com, runmode=Y, fname=Prashant }</td></tr><tr><th>Exception</th></tr><tr><td><div class="stacktrace">org.openqa.selenium.SessionNotCreatedException: session not created
from chrome not reachable
  (Session info: chrome=76.0.3809.100)
Build info: version: &apos;3.141.59&apos;, revision: &apos;e82be7d358&apos;, time: &apos;2018-11-14T08:17:03&apos;
System info: host: &apos;AKUNDU18&apos;, ip: &apos;192.168.1.106&apos;, os.name: &apos;Windows 10&apos;, os.arch: &apos;amd64&apos;, os.version: &apos;10.0&apos;, java.version: &apos;1.8.0_211&apos;
Driver info: driver.version: ChromeDriver
remote stacktrace: Backtrace:
	Ordinal0 [0x00407C93+1473683]
	Ordinal0 [0x0038ADB1+961969]
	Ordinal0 [0x0031418C+475532]
	Ordinal0 [0x0030DB1A+449306]
	Ordinal0 [0x0030E1B8+451000]
	Ordinal0 [0x0030F2C5+455365]
	Ordinal0 [0x0030B4C5+439493]
	Ordinal0 [0x00314F40+479040]
	Ordinal0 [0x002C98FE+170238]
	Ordinal0 [0x002C8D1D+167197]
	Ordinal0 [0x002C742B+160811]
	Ordinal0 [0x002B0AE6+68326]
	Ordinal0 [0x002B1BF0+72688]
	Ordinal0 [0x002B1B89+72585]
	Ordinal0 [0x003A4B77+1067895]
	GetHandleVerifier [0x004A6875+506677]
	GetHandleVerifier [0x004A6610+506064]
	GetHandleVerifier [0x004AD1B8+533624]
	GetHandleVerifier [0x004A704A+508682]
	Ordinal0 [0x0039C266+1032806]
	Ordinal0 [0x0039C0DF+1032415]
	Ordinal0 [0x003A6A8B+1075851]
	Ordinal0 [0x003A6BF3+1076211]
	Ordinal0 [0x003A5BA5+1072037]
	BaseThreadInitThunk [0x77610419+25]
	RtlGetAppContainerNamedObjectPath [0x77DD662D+237]
	RtlGetAppContainerNamedObjectPath [0x77DD65FD+189]

	at org.openqa.selenium.remote.W3CHandshakeResponse.lambda$errorHandler$0(W3CHandshakeResponse.java:62)
	at org.openqa.selenium.remote.HandshakeResponse.lambda$getResponseFunction$0(HandshakeResponse.java:30)
	at org.openqa.selenium.remote.ProtocolHandshake.lambda$createSession$0(ProtocolHandshake.java:126)
	at java.util.stream.ReferencePipeline$3$1.accept(ReferencePipeline.java:193)
	at java.util.Spliterators$ArraySpliterator.tryAdvance(Spliterators.java:958)
	at java.util.stream.ReferencePipeline.forEachWithCancel(ReferencePipeline.java:126)
	at java.util.stream.AbstractPipeline.copyIntoWithCancel(AbstractPipeline.java:498)
	at java.util.stream.AbstractPipeline.copyInto(AbstractPipeline.java:485)
	at java.util.stream.AbstractPipeline.wrapAndCopyInto(AbstractPipeline.java:471)
	at java.util.stream.FindOps$FindOp.evaluateSequential(FindOps.java:152)
	at java.util.stream.AbstractPipeline.evaluate(AbstractPipeline.java:234)
	at java.util.stream.ReferencePipeline.findFirst(ReferencePipeline.java:464)
	at org.openqa.selenium.remote.ProtocolHandshake.createSession(ProtocolHandshake.java:128)
	at org.openqa.selenium.remote.ProtocolHandshake.createSession(ProtocolHandshake.java:74)
	at org.openqa.selenium.remote.HttpCommandExecutor.execute(HttpCommandExecutor.java:136)
	at org.openqa.selenium.remote.service.DriverCommandExecutor.execute(DriverCommandExecutor.java:83)
	at org.openqa.selenium.remote.RemoteWebDriver.execute(RemoteWebDriver.java:552)
	at org.openqa.selenium.remote.RemoteWebDriver.startSession(RemoteWebDriver.java:213)
	at org.openqa.selenium.remote.RemoteWebDriver.&lt;init&gt;(RemoteWebDriver.java:131)
	at org.openqa.selenium.chrome.ChromeDriver.&lt;init&gt;(ChromeDriver.java:181)
	at org.openqa.selenium.chrome.ChromeDriver.&lt;init&gt;(ChromeDriver.java:168)
	at org.openqa.selenium.chrome.ChromeDriver.&lt;init&gt;(ChromeDriver.java:123)
	at BasePage.BaseTest.initConfig(BaseTest.java:61)
	at TestCases.CreateAccountTest.createAccountTest(CreateAccountTest.java:35)
... Removed 32 stack frames</div></td></tr></table><p class="totop"><a href="#summary">back to summary</a></p><h3 id="m5">TestCases.CreateAccountTest#createAccountTest</h3><table class="result"><tr class="param"><th>Parameter #1</th></tr><tr class="param stripe"><td>{lname=Kundu, password=dsg, email=saig@gmail.com, runmode=N, fname=Maya}</td></tr><tr><th>Exception</th></tr><tr><td><div class="stacktrace">org.testng.SkipException: Skipping the test as the Run mode is NO
	at TestCases.CreateAccountTest.createAccountTest(CreateAccountTest.java:31)
... Removed 28 stack frames</div></td></tr></table><p class="totop"><a href="#summary">back to summary</a></p></body></html>