<!DOCTYPE html PUBLIC "-//W3C//DTD XHTML 1.1//EN" "http://www.w3.org/TR/xhtml11/DTD/xhtml11.dtd">
<html xmlns="http://www.w3.org/1999/xhtml">
<head>
<meta http-equiv="content-type" content="text/html; charset=UTF-8"/>
<title>TestNG Report</title>
<style type="text/css">table {margin-bottom:10px;border-collapse:collapse;empty-cells:show}th,td {border:1px solid #009;padding:.25em .5em}th {vertical-align:bottom}td {vertical-align:top}table a {font-weight:bold}.stripe td {background-color: #E6EBF9}.num {text-align:right}.passedodd td {background-color: #3F3}.passedeven td {background-color: #0A0}.skippedodd td {background-color: #DDD}.skippedeven td {background-color: #CCC}.failedodd td,.attn {background-color: #F33}.failedeven td,.stripe .attn {background-color: #D00}.stacktrace {white-space:pre;font-family:monospace}.totop {font-size:85%;text-align:center;border-bottom:2px solid #000}.invisible {display:none}</style>
</head>
<body>
<table>
<tr><th>Test</th><th># Passed</th><th># Skipped</th><th># Failed</th><th>Time (ms)</th><th>Included Groups</th><th>Excluded Groups</th></tr>
<tr><th colspan="7">Expedia Test</th></tr>
<tr><td><a href="#t0">Flight Search Test</a></td><td class="num">0</td><td class="num">0</td><td class="num attn">1</td><td class="num">19,828</td><td></td><td></td></tr>
<tr class="stripe"><td><a href="#t1">Create Account Test</a></td><td class="num">2</td><td class="num attn">1</td><td class="num">0</td><td class="num">77,040</td><td></td><td></td></tr>
<tr><td><a href="#t2">Hotel Search Test</a></td><td class="num">0</td><td class="num">0</td><td class="num attn">1</td><td class="num">14,356</td><td></td><td></td></tr>
<tr class="stripe"><td><a href="#t3">SignIn Test</a></td><td class="num">0</td><td class="num attn">2</td><td class="num">0</td><td class="num">30</td><td></td><td></td></tr>
<tr><th>Total</th><th class="num">2</th><th class="num attn">3</th><th class="num attn">2</th><th class="num">111,254</th><th colspan="2"></th></tr>
</table>
<table id='summary'><thead><tr><th>Class</th><th>Method</th><th>Start</th><th>Time (ms)</th></tr></thead><tbody><tr><th colspan="4">Expedia Test</th></tr></tbody><tbody id="t0"><tr><th colspan="4">Flight Search Test &#8212; failed</th></tr><tr class="failedeven"><td rowspan="1">TestCases.FlightSearchTest</td><td><a href="#m0">flightSearchTest</a></td><td rowspan="1">1571402417974</td><td rowspan="1">16892</td></tr></tbody>
<tbody id="t1"><tr><th colspan="4">Create Account Test &#8212; skipped</th></tr><tr class="skippedeven"><td rowspan="1">TestCases.CreateAccountTest</td><td><a href="#m1">createAccountTest</a></td><td rowspan="1">1571402465898</td><td rowspan="1">0</td></tr><tr><th colspan="4">Create Account Test &#8212; passed</th></tr><tr class="passedeven"><td rowspan="2">TestCases.CreateAccountTest</td><td><a href="#m2">createAccountTest</a></td><td rowspan="2">1571402437833</td><td rowspan="2">27078</td></tr><tr class="passedeven"><td><a href="#m3">createAccountTest</a></td></tr></tbody>
<tbody id="t2"><tr><th colspan="4">Hotel Search Test &#8212; failed</th></tr><tr class="failedeven"><td rowspan="1">TestCases.HotelSearchTest</td><td><a href="#m4">hotelSearhTest</a></td><td rowspan="1">1571402514890</td><td rowspan="1">12450</td></tr></tbody>
<tbody id="t3"><tr><th colspan="4">SignIn Test &#8212; skipped</th></tr><tr class="skippedeven"><td rowspan="2">TestCases.SignInTest</td><td><a href="#m5">signInTest</a></td><td rowspan="2">1571402529313</td><td rowspan="2">7</td></tr><tr class="skippedeven"><td><a href="#m6">signInTest</a></td></tr></tbody>
</table>
<h2>Flight Search Test</h2><h3 id="m0">TestCases.FlightSearchTest#flightSearchTest</h3><table class="result"><tr class="param"><th>Parameter #1</th></tr><tr class="param stripe"><td>{fromsource=Kolkata, India (CCU-Netaji Subhash Chandra Bose Intl.), todate=9/18/19, todestination=Delhi, India (DEL-Indira Gandhi Intl.), runmode=Y, fromdate=8/25/19}</td></tr><tr><th>Messages</th></tr><tr><td><div class="messages">TestCases has failed with Error java.lang.ClassCastException: com.aventstack.extentreports.ExtentTest cannot be cast to com.aventstack.extentreports.markuputils.Markup<br/>Click on the link to view the ScreenShot<br/><a target="_blank" href="C:\Users\ArnabKundu\Framework-eclipse\POMwithPageFactories\src\test\resources\TestScreenShotsFri_Oct_18_18_10_18_IST_2019tcname.jpg">ScreenShot</a><br/><br><br/><br><br/><a target = "_blank" href="C:\Users\ArnabKundu\Framework-eclipse\POMwithPageFactories\src\test\resources\TestScreenShotsFri_Oct_18_18_10_18_IST_2019tcname.jpg"><img src ="C:\Users\ArnabKundu\Framework-eclipse\POMwithPageFactories\src\test\resources\TestScreenShotsFri_Oct_18_18_10_18_IST_2019tcname.jpg" height=150 width=120></img></a></div></td></tr><tr><th>Exception</th></tr><tr><td><div class="stacktrace">java.lang.ClassCastException: com.aventstack.extentreports.ExtentTest cannot be cast to com.aventstack.extentreports.markuputils.Markup
	at BasePage.BaseTest.verifyEquals(BaseTest.java:133)
	at TestCases.FlightSearchTest.flightSearchTest(FlightSearchTest.java:38)
... Removed 25 stack frames</div></td></tr></table><p class="totop"><a href="#summary">back to summary</a></p>
<h2>Create Account Test</h2><h3 id="m1">TestCases.CreateAccountTest#createAccountTest</h3><table class="result"><tr class="param"><th>Parameter #1</th></tr><tr class="param stripe"><td>{lname=Kundu, password=dsg, email=saig@gmail.com, runmode=N, fname=Maya}</td></tr><tr><th>Exception</th></tr><tr><td><div class="stacktrace">org.testng.SkipException: Skipping the test as the Run mode is NO
	at TestCases.CreateAccountTest.createAccountTest(CreateAccountTest.java:31)
... Removed 25 stack frames</div></td></tr></table><p class="totop"><a href="#summary">back to summary</a></p>
<h3 id="m2">TestCases.CreateAccountTest#createAccountTest</h3><table class="result"><tr class="param"><th>Parameter #1</th></tr><tr class="param stripe"><td>{lname=Kundu, password=abcd, email=abcd@gmail.com, runmode=Y, fname=Arnab}</td></tr></table><p class="totop"><a href="#summary">back to summary</a></p>
<h3 id="m3">TestCases.CreateAccountTest#createAccountTest</h3><table class="result"><tr class="param"><th>Parameter #1</th></tr><tr class="param stripe"><td>{lname=Kundu, password=dsds, email=adsd@gmail.com, runmode=Y, fname=Prashant }</td></tr></table><p class="totop"><a href="#summary">back to summary</a></p>
<h2>Hotel Search Test</h2><h3 id="m4">TestCases.HotelSearchTest#hotelSearhTest</h3><table class="result"><tr class="param"><th>Parameter #1</th></tr><tr class="param stripe"><td>{destination=Kuala Lumpur, Malaysia, adults=5.0, runmode=Y, child=2.0}</td></tr><tr><th>Messages</th></tr><tr><td><div class="messages">TestCases has failed with Error java.lang.ClassCastException: com.aventstack.extentreports.ExtentTest cannot be cast to com.aventstack.extentreports.markuputils.Markup<br/>Click on the link to view the ScreenShot<br/><a target="_blank" href="C:\Users\ArnabKundu\Framework-eclipse\POMwithPageFactories\src\test\resources\TestScreenShotsFri_Oct_18_18_10_18_IST_2019tcname.jpg">ScreenShot</a><br/><br><br/><br><br/><a target = "_blank" href="C:\Users\ArnabKundu\Framework-eclipse\POMwithPageFactories\src\test\resources\TestScreenShotsFri_Oct_18_18_10_18_IST_2019tcname.jpg"><img src ="C:\Users\ArnabKundu\Framework-eclipse\POMwithPageFactories\src\test\resources\TestScreenShotsFri_Oct_18_18_10_18_IST_2019tcname.jpg" height=150 width=120></img></a></div></td></tr><tr><th>Exception</th></tr><tr><td><div class="stacktrace">java.lang.ClassCastException: com.aventstack.extentreports.ExtentTest cannot be cast to com.aventstack.extentreports.markuputils.Markup
	at BasePage.BaseTest.verifyEquals(BaseTest.java:133)
	at TestCases.HotelSearchTest.hotelSearhTest(HotelSearchTest.java:36)
... Removed 25 stack frames</div></td></tr></table><p class="totop"><a href="#summary">back to summary</a></p>
<h2>SignIn Test</h2><h3 id="m5">TestCases.SignInTest#signInTest</h3><table class="result"><tr class="param"><th>Parameter #1</th></tr><tr class="param stripe"><td>{password=abcdef, runmode=Y, username=abcd@gmail.com}</td></tr><tr><th>Exception</th></tr><tr><td><div class="stacktrace">org.testng.SkipException: Skipping the test as the Run mode is NO
	at TestCases.SignInTest.signInTest(SignInTest.java:25)
... Removed 25 stack frames</div></td></tr></table><p class="totop"><a href="#summary">back to summary</a></p>
<h3 id="m6">TestCases.SignInTest#signInTest</h3><table class="result"><tr class="param"><th>Parameter #1</th></tr><tr class="param stripe"><td>{password=dsaugidsa, runmode=N, username=xyz@gmail.com}</td></tr><tr><th>Exception</th></tr><tr><td><div class="stacktrace">org.testng.SkipException: Skipping the test as the Run mode is NO
	at TestCases.SignInTest.signInTest(SignInTest.java:25)
... Removed 25 stack frames</div></td></tr></table><p class="totop"><a href="#summary">back to summary</a></p>
</body>
</html>
