<?xml version="1.0" encoding="UTF-8"?>
<testng-results skipped="3" failed="2" ignored="0" total="7" passed="2">
  <reporter-output>
    <line>
      <![CDATA[TestCases has failed with Error java.lang.ClassCastException: com.aventstack.extentreports.ExtentTest cannot be cast to com.aventstack.extentreports.markuputils.Markup]]>
    </line>
    <line>
      <![CDATA[Click on the link to view the ScreenShot]]>
    </line>
    <line>
      <![CDATA[<a target="_blank" href="C:\Users\ArnabKundu\Framework-eclipse\POMwithPageFactories\src\test\resources\TestScreenShotsFri_Oct_18_18_10_18_IST_2019tcname.jpg">ScreenShot</a>]]>
    </line>
    <line>
      <![CDATA[<br>]]>
    </line>
    <line>
      <![CDATA[<br>]]>
    </line>
    <line>
      <![CDATA[<a target = "_blank" href="C:\Users\ArnabKundu\Framework-eclipse\POMwithPageFactories\src\test\resources\TestScreenShotsFri_Oct_18_18_10_18_IST_2019tcname.jpg"><img src ="C:\Users\ArnabKundu\Framework-eclipse\POMwithPageFactories\src\test\resources\TestScreenShotsFri_Oct_18_18_10_18_IST_2019tcname.jpg" height=150 width=120></img></a>]]>
    </line>
    <line>
      <![CDATA[TestCases has failed with Error java.lang.ClassCastException: com.aventstack.extentreports.ExtentTest cannot be cast to com.aventstack.extentreports.markuputils.Markup]]>
    </line>
    <line>
      <![CDATA[Click on the link to view the ScreenShot]]>
    </line>
    <line>
      <![CDATA[<a target="_blank" href="C:\Users\ArnabKundu\Framework-eclipse\POMwithPageFactories\src\test\resources\TestScreenShotsFri_Oct_18_18_10_18_IST_2019tcname.jpg">ScreenShot</a>]]>
    </line>
    <line>
      <![CDATA[<br>]]>
    </line>
    <line>
      <![CDATA[<br>]]>
    </line>
    <line>
      <![CDATA[<a target = "_blank" href="C:\Users\ArnabKundu\Framework-eclipse\POMwithPageFactories\src\test\resources\TestScreenShotsFri_Oct_18_18_10_18_IST_2019tcname.jpg"><img src ="C:\Users\ArnabKundu\Framework-eclipse\POMwithPageFactories\src\test\resources\TestScreenShotsFri_Oct_18_18_10_18_IST_2019tcname.jpg" height=150 width=120></img></a>]]>
    </line>
  </reporter-output>
  <suite name="Expedia Test" duration-ms="111439" started-at="2019-10-18T12:40:17Z" finished-at="2019-10-18T12:42:09Z">
    <groups>
    </groups>
    <test name="Flight Search Test" duration-ms="19828" started-at="2019-10-18T12:40:17Z" finished-at="2019-10-18T12:40:37Z">
      <class name="TestCases.FlightSearchTest">
        <test-method status="FAIL" signature="flightSearchTest(java.util.Hashtable)[pri:0, instance:TestCases.FlightSearchTest@235ecd9f]" name="flightSearchTest" duration-ms="16892" started-at="2019-10-18T12:40:17Z" data-provider="getdata" finished-at="2019-10-18T12:40:34Z">
          <params>
            <param index="0">
              <value>
                <![CDATA[{fromsource=Kolkata, India (CCU-Netaji Subhash Chandra Bose Intl.), todate=9/18/19, todestination=Delhi, India (DEL-Indira Gandhi Intl.), runmode=Y, fromdate=8/25/19}]]>
              </value>
            </param>
          </params>
          <exception class="java.lang.ClassCastException">
            <message>
              <![CDATA[com.aventstack.extentreports.ExtentTest cannot be cast to com.aventstack.extentreports.markuputils.Markup]]>
            </message>
            <full-stacktrace>
              <![CDATA[java.lang.ClassCastException: com.aventstack.extentreports.ExtentTest cannot be cast to com.aventstack.extentreports.markuputils.Markup
at BasePage.BaseTest.verifyEquals(BaseTest.java:133)
at TestCases.FlightSearchTest.flightSearchTest(FlightSearchTest.java:38)
at sun.reflect.NativeMethodAccessorImpl.invoke0(Native Method)
at sun.reflect.NativeMethodAccessorImpl.invoke(NativeMethodAccessorImpl.java:62)
at sun.reflect.DelegatingMethodAccessorImpl.invoke(DelegatingMethodAccessorImpl.java:43)
at java.lang.reflect.Method.invoke(Method.java:498)
at org.testng.internal.MethodInvocationHelper.invokeMethod(MethodInvocationHelper.java:124)
at org.testng.internal.Invoker.invokeMethod(Invoker.java:583)
at org.testng.internal.Invoker.invokeTestMethod(Invoker.java:719)
at org.testng.internal.Invoker.invokeTestMethods(Invoker.java:989)
at org.testng.internal.TestMethodWorker.invokeTestMethods(TestMethodWorker.java:125)
at org.testng.internal.TestMethodWorker.run(TestMethodWorker.java:109)
at org.testng.TestRunner.privateRun(TestRunner.java:648)
at org.testng.TestRunner.run(TestRunner.java:505)
at org.testng.SuiteRunner.runTest(SuiteRunner.java:455)
at org.testng.SuiteRunner.runSequentially(SuiteRunner.java:450)
at org.testng.SuiteRunner.privateRun(SuiteRunner.java:415)
at org.testng.SuiteRunner.run(SuiteRunner.java:364)
at org.testng.SuiteRunnerWorker.runSuite(SuiteRunnerWorker.java:52)
at org.testng.SuiteRunnerWorker.run(SuiteRunnerWorker.java:84)
at org.testng.TestNG.runSuitesSequentially(TestNG.java:1208)
at org.testng.TestNG.runSuitesLocally(TestNG.java:1137)
at org.testng.TestNG.runSuites(TestNG.java:1049)
at org.testng.TestNG.run(TestNG.java:1017)
at org.testng.remote.AbstractRemoteTestNG.run(AbstractRemoteTestNG.java:115)
at org.testng.remote.RemoteTestNG.initAndRun(RemoteTestNG.java:251)
at org.testng.remote.RemoteTestNG.main(RemoteTestNG.java:77)
]]>
            </full-stacktrace>
          </exception> <!-- java.lang.ClassCastException -->
          <reporter-output>
            <line>
              <![CDATA[TestCases has failed with Error java.lang.ClassCastException: com.aventstack.extentreports.ExtentTest cannot be cast to com.aventstack.extentreports.markuputils.Markup]]>
            </line>
            <line>
              <![CDATA[Click on the link to view the ScreenShot]]>
            </line>
            <line>
              <![CDATA[<a target="_blank" href="C:\Users\ArnabKundu\Framework-eclipse\POMwithPageFactories\src\test\resources\TestScreenShotsFri_Oct_18_18_10_18_IST_2019tcname.jpg">ScreenShot</a>]]>
            </line>
            <line>
              <![CDATA[<br>]]>
            </line>
            <line>
              <![CDATA[<br>]]>
            </line>
            <line>
              <![CDATA[<a target = "_blank" href="C:\Users\ArnabKundu\Framework-eclipse\POMwithPageFactories\src\test\resources\TestScreenShotsFri_Oct_18_18_10_18_IST_2019tcname.jpg"><img src ="C:\Users\ArnabKundu\Framework-eclipse\POMwithPageFactories\src\test\resources\TestScreenShotsFri_Oct_18_18_10_18_IST_2019tcname.jpg" height=150 width=120></img></a>]]>
            </line>
          </reporter-output>
        </test-method> <!-- flightSearchTest -->
        <test-method status="PASS" signature="teardown()[pri:0, instance:TestCases.FlightSearchTest@235ecd9f]" name="teardown" is-config="true" duration-ms="1114" started-at="2019-10-18T12:40:36Z" finished-at="2019-10-18T12:40:37Z">
          <reporter-output>
          </reporter-output>
        </test-method> <!-- teardown -->
      </class> <!-- TestCases.FlightSearchTest -->
    </test> <!-- Flight Search Test -->
    <test name="Create Account Test" duration-ms="77040" started-at="2019-10-18T12:40:37Z" finished-at="2019-10-18T12:41:54Z">
      <class name="TestCases.CreateAccountTest">
        <test-method status="PASS" signature="createAccountTest(java.util.Hashtable)[pri:0, instance:TestCases.CreateAccountTest@3f191845]" name="createAccountTest" duration-ms="27078" started-at="2019-10-18T12:40:37Z" data-provider="getdata" finished-at="2019-10-18T12:41:04Z">
          <params>
            <param index="0">
              <value>
                <![CDATA[{lname=Kundu, password=abcd, email=abcd@gmail.com, runmode=Y, fname=Arnab}]]>
              </value>
            </param>
          </params>
          <reporter-output>
          </reporter-output>
        </test-method> <!-- createAccountTest -->
        <test-method status="PASS" signature="teardown()[pri:0, instance:TestCases.CreateAccountTest@3f191845]" name="teardown" is-config="true" duration-ms="986" started-at="2019-10-18T12:41:04Z" finished-at="2019-10-18T12:41:05Z">
          <reporter-output>
          </reporter-output>
        </test-method> <!-- teardown -->
        <test-method status="PASS" signature="teardown()[pri:0, instance:TestCases.CreateAccountTest@3f191845]" name="teardown" is-config="true" duration-ms="0" started-at="2019-10-18T12:41:05Z" finished-at="2019-10-18T12:41:05Z">
          <reporter-output>
          </reporter-output>
        </test-method> <!-- teardown -->
        <test-method status="SKIP" signature="createAccountTest(java.util.Hashtable)[pri:0, instance:TestCases.CreateAccountTest@3f191845]" name="createAccountTest" duration-ms="0" started-at="2019-10-18T12:41:05Z" data-provider="getdata" finished-at="2019-10-18T12:41:05Z">
          <params>
            <param index="0">
              <value>
                <![CDATA[{lname=Kundu, password=dsg, email=saig@gmail.com, runmode=N, fname=Maya}]]>
              </value>
            </param>
          </params>
          <exception class="org.testng.SkipException">
            <message>
              <![CDATA[Skipping the test as the Run mode is NO]]>
            </message>
            <full-stacktrace>
              <![CDATA[org.testng.SkipException: Skipping the test as the Run mode is NO
at TestCases.CreateAccountTest.createAccountTest(CreateAccountTest.java:31)
at sun.reflect.NativeMethodAccessorImpl.invoke0(Native Method)
at sun.reflect.NativeMethodAccessorImpl.invoke(NativeMethodAccessorImpl.java:62)
at sun.reflect.DelegatingMethodAccessorImpl.invoke(DelegatingMethodAccessorImpl.java:43)
at java.lang.reflect.Method.invoke(Method.java:498)
at org.testng.internal.MethodInvocationHelper.invokeMethod(MethodInvocationHelper.java:124)
at org.testng.internal.Invoker.invokeMethod(Invoker.java:583)
at org.testng.internal.Invoker.invokeTestMethod(Invoker.java:719)
at org.testng.internal.Invoker.invokeTestMethods(Invoker.java:989)
at org.testng.internal.TestMethodWorker.invokeTestMethods(TestMethodWorker.java:125)
at org.testng.internal.TestMethodWorker.run(TestMethodWorker.java:109)
at org.testng.TestRunner.privateRun(TestRunner.java:648)
at org.testng.TestRunner.run(TestRunner.java:505)
at org.testng.SuiteRunner.runTest(SuiteRunner.java:455)
at org.testng.SuiteRunner.runSequentially(SuiteRunner.java:450)
at org.testng.SuiteRunner.privateRun(SuiteRunner.java:415)
at org.testng.SuiteRunner.run(SuiteRunner.java:364)
at org.testng.SuiteRunnerWorker.runSuite(SuiteRunnerWorker.java:52)
at org.testng.SuiteRunnerWorker.run(SuiteRunnerWorker.java:84)
at org.testng.TestNG.runSuitesSequentially(TestNG.java:1208)
at org.testng.TestNG.runSuitesLocally(TestNG.java:1137)
at org.testng.TestNG.runSuites(TestNG.java:1049)
at org.testng.TestNG.run(TestNG.java:1017)
at org.testng.remote.AbstractRemoteTestNG.run(AbstractRemoteTestNG.java:115)
at org.testng.remote.RemoteTestNG.initAndRun(RemoteTestNG.java:251)
at org.testng.remote.RemoteTestNG.main(RemoteTestNG.java:77)
]]>
            </full-stacktrace>
          </exception> <!-- org.testng.SkipException -->
          <reporter-output>
          </reporter-output>
        </test-method> <!-- createAccountTest -->
        <test-method status="PASS" signature="createAccountTest(java.util.Hashtable)[pri:0, instance:TestCases.CreateAccountTest@3f191845]" name="createAccountTest" duration-ms="48062" started-at="2019-10-18T12:41:05Z" data-provider="getdata" finished-at="2019-10-18T12:41:53Z">
          <params>
            <param index="0">
              <value>
                <![CDATA[{lname=Kundu, password=dsds, email=adsd@gmail.com, runmode=Y, fname=Prashant }]]>
              </value>
            </param>
          </params>
          <reporter-output>
          </reporter-output>
        </test-method> <!-- createAccountTest -->
        <test-method status="PASS" signature="teardown()[pri:0, instance:TestCases.CreateAccountTest@3f191845]" name="teardown" is-config="true" duration-ms="898" started-at="2019-10-18T12:41:53Z" finished-at="2019-10-18T12:41:54Z">
          <reporter-output>
          </reporter-output>
        </test-method> <!-- teardown -->
      </class> <!-- TestCases.CreateAccountTest -->
    </test> <!-- Create Account Test -->
    <test name="Hotel Search Test" duration-ms="14356" started-at="2019-10-18T12:41:54Z" finished-at="2019-10-18T12:42:09Z">
      <class name="TestCases.HotelSearchTest">
        <test-method status="FAIL" signature="hotelSearhTest(java.util.Hashtable)[pri:0, instance:TestCases.HotelSearchTest@8458f04]" name="hotelSearhTest" duration-ms="12450" started-at="2019-10-18T12:41:54Z" data-provider="getdata" finished-at="2019-10-18T12:42:07Z">
          <params>
            <param index="0">
              <value>
                <![CDATA[{destination=Kuala Lumpur, Malaysia, adults=5.0, runmode=Y, child=2.0}]]>
              </value>
            </param>
          </params>
          <exception class="java.lang.ClassCastException">
            <message>
              <![CDATA[com.aventstack.extentreports.ExtentTest cannot be cast to com.aventstack.extentreports.markuputils.Markup]]>
            </message>
            <full-stacktrace>
              <![CDATA[java.lang.ClassCastException: com.aventstack.extentreports.ExtentTest cannot be cast to com.aventstack.extentreports.markuputils.Markup
at BasePage.BaseTest.verifyEquals(BaseTest.java:133)
at TestCases.HotelSearchTest.hotelSearhTest(HotelSearchTest.java:36)
at sun.reflect.NativeMethodAccessorImpl.invoke0(Native Method)
at sun.reflect.NativeMethodAccessorImpl.invoke(NativeMethodAccessorImpl.java:62)
at sun.reflect.DelegatingMethodAccessorImpl.invoke(DelegatingMethodAccessorImpl.java:43)
at java.lang.reflect.Method.invoke(Method.java:498)
at org.testng.internal.MethodInvocationHelper.invokeMethod(MethodInvocationHelper.java:124)
at org.testng.internal.Invoker.invokeMethod(Invoker.java:583)
at org.testng.internal.Invoker.invokeTestMethod(Invoker.java:719)
at org.testng.internal.Invoker.invokeTestMethods(Invoker.java:989)
at org.testng.internal.TestMethodWorker.invokeTestMethods(TestMethodWorker.java:125)
at org.testng.internal.TestMethodWorker.run(TestMethodWorker.java:109)
at org.testng.TestRunner.privateRun(TestRunner.java:648)
at org.testng.TestRunner.run(TestRunner.java:505)
at org.testng.SuiteRunner.runTest(SuiteRunner.java:455)
at org.testng.SuiteRunner.runSequentially(SuiteRunner.java:450)
at org.testng.SuiteRunner.privateRun(SuiteRunner.java:415)
at org.testng.SuiteRunner.run(SuiteRunner.java:364)
at org.testng.SuiteRunnerWorker.runSuite(SuiteRunnerWorker.java:52)
at org.testng.SuiteRunnerWorker.run(SuiteRunnerWorker.java:84)
at org.testng.TestNG.runSuitesSequentially(TestNG.java:1208)
at org.testng.TestNG.runSuitesLocally(TestNG.java:1137)
at org.testng.TestNG.runSuites(TestNG.java:1049)
at org.testng.TestNG.run(TestNG.java:1017)
at org.testng.remote.AbstractRemoteTestNG.run(AbstractRemoteTestNG.java:115)
at org.testng.remote.RemoteTestNG.initAndRun(RemoteTestNG.java:251)
at org.testng.remote.RemoteTestNG.main(RemoteTestNG.java:77)
]]>
            </full-stacktrace>
          </exception> <!-- java.lang.ClassCastException -->
          <reporter-output>
            <line>
              <![CDATA[TestCases has failed with Error java.lang.ClassCastException: com.aventstack.extentreports.ExtentTest cannot be cast to com.aventstack.extentreports.markuputils.Markup]]>
            </line>
            <line>
              <![CDATA[Click on the link to view the ScreenShot]]>
            </line>
            <line>
              <![CDATA[<a target="_blank" href="C:\Users\ArnabKundu\Framework-eclipse\POMwithPageFactories\src\test\resources\TestScreenShotsFri_Oct_18_18_10_18_IST_2019tcname.jpg">ScreenShot</a>]]>
            </line>
            <line>
              <![CDATA[<br>]]>
            </line>
            <line>
              <![CDATA[<br>]]>
            </line>
            <line>
              <![CDATA[<a target = "_blank" href="C:\Users\ArnabKundu\Framework-eclipse\POMwithPageFactories\src\test\resources\TestScreenShotsFri_Oct_18_18_10_18_IST_2019tcname.jpg"><img src ="C:\Users\ArnabKundu\Framework-eclipse\POMwithPageFactories\src\test\resources\TestScreenShotsFri_Oct_18_18_10_18_IST_2019tcname.jpg" height=150 width=120></img></a>]]>
            </line>
          </reporter-output>
        </test-method> <!-- hotelSearhTest -->
        <test-method status="PASS" signature="teardown()[pri:0, instance:TestCases.HotelSearchTest@8458f04]" name="teardown" is-config="true" duration-ms="1094" started-at="2019-10-18T12:42:08Z" finished-at="2019-10-18T12:42:09Z">
          <reporter-output>
          </reporter-output>
        </test-method> <!-- teardown -->
      </class> <!-- TestCases.HotelSearchTest -->
    </test> <!-- Hotel Search Test -->
    <test name="SignIn Test" duration-ms="30" started-at="2019-10-18T12:42:09Z" finished-at="2019-10-18T12:42:09Z">
      <class name="TestCases.SignInTest">
        <test-method status="SKIP" signature="signInTest(java.util.Hashtable)[pri:0, instance:TestCases.SignInTest@645aa696]" name="signInTest" duration-ms="7" started-at="2019-10-18T12:42:09Z" data-provider="getdata" finished-at="2019-10-18T12:42:09Z">
          <params>
            <param index="0">
              <value>
                <![CDATA[{password=abcdef, runmode=Y, username=abcd@gmail.com}]]>
              </value>
            </param>
          </params>
          <exception class="org.testng.SkipException">
            <message>
              <![CDATA[Skipping the test as the Run mode is NO]]>
            </message>
            <full-stacktrace>
              <![CDATA[org.testng.SkipException: Skipping the test as the Run mode is NO
at TestCases.SignInTest.signInTest(SignInTest.java:25)
at sun.reflect.NativeMethodAccessorImpl.invoke0(Native Method)
at sun.reflect.NativeMethodAccessorImpl.invoke(NativeMethodAccessorImpl.java:62)
at sun.reflect.DelegatingMethodAccessorImpl.invoke(DelegatingMethodAccessorImpl.java:43)
at java.lang.reflect.Method.invoke(Method.java:498)
at org.testng.internal.MethodInvocationHelper.invokeMethod(MethodInvocationHelper.java:124)
at org.testng.internal.Invoker.invokeMethod(Invoker.java:583)
at org.testng.internal.Invoker.invokeTestMethod(Invoker.java:719)
at org.testng.internal.Invoker.invokeTestMethods(Invoker.java:989)
at org.testng.internal.TestMethodWorker.invokeTestMethods(TestMethodWorker.java:125)
at org.testng.internal.TestMethodWorker.run(TestMethodWorker.java:109)
at org.testng.TestRunner.privateRun(TestRunner.java:648)
at org.testng.TestRunner.run(TestRunner.java:505)
at org.testng.SuiteRunner.runTest(SuiteRunner.java:455)
at org.testng.SuiteRunner.runSequentially(SuiteRunner.java:450)
at org.testng.SuiteRunner.privateRun(SuiteRunner.java:415)
at org.testng.SuiteRunner.run(SuiteRunner.java:364)
at org.testng.SuiteRunnerWorker.runSuite(SuiteRunnerWorker.java:52)
at org.testng.SuiteRunnerWorker.run(SuiteRunnerWorker.java:84)
at org.testng.TestNG.runSuitesSequentially(TestNG.java:1208)
at org.testng.TestNG.runSuitesLocally(TestNG.java:1137)
at org.testng.TestNG.runSuites(TestNG.java:1049)
at org.testng.TestNG.run(TestNG.java:1017)
at org.testng.remote.AbstractRemoteTestNG.run(AbstractRemoteTestNG.java:115)
at org.testng.remote.RemoteTestNG.initAndRun(RemoteTestNG.java:251)
at org.testng.remote.RemoteTestNG.main(RemoteTestNG.java:77)
]]>
            </full-stacktrace>
          </exception> <!-- org.testng.SkipException -->
          <reporter-output>
          </reporter-output>
        </test-method> <!-- signInTest -->
        <test-method status="PASS" signature="teardown()[pri:0, instance:TestCases.SignInTest@645aa696]" name="teardown" is-config="true" duration-ms="1" started-at="2019-10-18T12:42:09Z" finished-at="2019-10-18T12:42:09Z">
          <reporter-output>
          </reporter-output>
        </test-method> <!-- teardown -->
        <test-method status="SKIP" signature="signInTest(java.util.Hashtable)[pri:0, instance:TestCases.SignInTest@645aa696]" name="signInTest" duration-ms="2" started-at="2019-10-18T12:42:09Z" data-provider="getdata" finished-at="2019-10-18T12:42:09Z">
          <params>
            <param index="0">
              <value>
                <![CDATA[{password=dsaugidsa, runmode=N, username=xyz@gmail.com}]]>
              </value>
            </param>
          </params>
          <exception class="org.testng.SkipException">
            <message>
              <![CDATA[Skipping the test as the Run mode is NO]]>
            </message>
            <full-stacktrace>
              <![CDATA[org.testng.SkipException: Skipping the test as the Run mode is NO
at TestCases.SignInTest.signInTest(SignInTest.java:25)
at sun.reflect.NativeMethodAccessorImpl.invoke0(Native Method)
at sun.reflect.NativeMethodAccessorImpl.invoke(NativeMethodAccessorImpl.java:62)
at sun.reflect.DelegatingMethodAccessorImpl.invoke(DelegatingMethodAccessorImpl.java:43)
at java.lang.reflect.Method.invoke(Method.java:498)
at org.testng.internal.MethodInvocationHelper.invokeMethod(MethodInvocationHelper.java:124)
at org.testng.internal.Invoker.invokeMethod(Invoker.java:583)
at org.testng.internal.Invoker.invokeTestMethod(Invoker.java:719)
at org.testng.internal.Invoker.invokeTestMethods(Invoker.java:989)
at org.testng.internal.TestMethodWorker.invokeTestMethods(TestMethodWorker.java:125)
at org.testng.internal.TestMethodWorker.run(TestMethodWorker.java:109)
at org.testng.TestRunner.privateRun(TestRunner.java:648)
at org.testng.TestRunner.run(TestRunner.java:505)
at org.testng.SuiteRunner.runTest(SuiteRunner.java:455)
at org.testng.SuiteRunner.runSequentially(SuiteRunner.java:450)
at org.testng.SuiteRunner.privateRun(SuiteRunner.java:415)
at org.testng.SuiteRunner.run(SuiteRunner.java:364)
at org.testng.SuiteRunnerWorker.runSuite(SuiteRunnerWorker.java:52)
at org.testng.SuiteRunnerWorker.run(SuiteRunnerWorker.java:84)
at org.testng.TestNG.runSuitesSequentially(TestNG.java:1208)
at org.testng.TestNG.runSuitesLocally(TestNG.java:1137)
at org.testng.TestNG.runSuites(TestNG.java:1049)
at org.testng.TestNG.run(TestNG.java:1017)
at org.testng.remote.AbstractRemoteTestNG.run(AbstractRemoteTestNG.java:115)
at org.testng.remote.RemoteTestNG.initAndRun(RemoteTestNG.java:251)
at org.testng.remote.RemoteTestNG.main(RemoteTestNG.java:77)
]]>
            </full-stacktrace>
          </exception> <!-- org.testng.SkipException -->
          <reporter-output>
          </reporter-output>
        </test-method> <!-- signInTest -->
        <test-method status="PASS" signature="teardown()[pri:0, instance:TestCases.SignInTest@645aa696]" name="teardown" is-config="true" duration-ms="0" started-at="2019-10-18T12:42:09Z" finished-at="2019-10-18T12:42:09Z">
          <reporter-output>
          </reporter-output>
        </test-method> <!-- teardown -->
      </class> <!-- TestCases.SignInTest -->
    </test> <!-- SignIn Test -->
  </suite> <!-- Expedia Test -->
</testng-results>
