<?xml version="1.0" encoding="UTF-8"?>
<testsuite name="Create Account Test"
           tests="3"
           failures="2"
           errors="0"
           skipped="1"
           time="8.282">
  <properties />
            <testcase name="createAccountTest" time="3.579" classname="TestCases.CreateAccountTest">
                <failure type="org.openqa.selenium.WebDriverException"
                  message="unknown error: cannot determine loading status
from disconnected: received Inspector.detached event
  (Session info: chrome=76.0.3809.100)
Build info: version: &apos;3.141.59&apos;, revision: &apos;e82be7d358&apos;, time: &apos;2018-11-14T08:17:03&apos;
System info: host: &apos;AKUNDU18&apos;, ip: &apos;192.168.1.106&apos;, os.name: &apos;Windows 10&apos;, os.arch: &apos;amd64&apos;, os.version: &apos;10.0&apos;, java.version: &apos;1.8.0_211&apos;
Driver info: org.openqa.selenium.chrome.ChromeDriver
Capabilities {acceptInsecureCerts: false, browserName: chrome, browserVersion: 76.0.3809.100, chrome: {chromedriverVersion: 76.0.3809.68 (420c9498db8ce..., userDataDir: C:\Users\ARNABK~1\AppData\L...}, goog:chromeOptions: {debuggerAddress: localhost:51024}, javascriptEnabled: true, networkConnectionEnabled: false, pageLoadStrategy: normal, platform: XP, platformName: XP, proxy: Proxy(), setWindowRect: true, strictFileInteractability: false, timeouts: {implicit: 0, pageLoad: 300000, script: 30000}, unhandledPromptBehavior: dismiss and notify}
Session ID: 08755cf3106f6f62d0a1b250a81a5474"
              >
<![CDATA[org.openqa.selenium.WebDriverException: unknown error: cannot determine loading status
from disconnected: received Inspector.detached event
  (Session info: chrome=76.0.3809.100)
Build info: version: '3.141.59', revision: 'e82be7d358', time: '2018-11-14T08:17:03'
System info: host: 'AKUNDU18', ip: '192.168.1.106', os.name: 'Windows 10', os.arch: 'amd64', os.version: '10.0', java.version: '1.8.0_211'
Driver info: org.openqa.selenium.chrome.ChromeDriver
Capabilities {acceptInsecureCerts: false, browserName: chrome, browserVersion: 76.0.3809.100, chrome: {chromedriverVersion: 76.0.3809.68 (420c9498db8ce..., userDataDir: C:\Users\ARNABK~1\AppData\L...}, goog:chromeOptions: {debuggerAddress: localhost:51024}, javascriptEnabled: true, networkConnectionEnabled: false, pageLoadStrategy: normal, platform: XP, platformName: XP, proxy: Proxy(), setWindowRect: true, strictFileInteractability: false, timeouts: {implicit: 0, pageLoad: 300000, script: 30000}, unhandledPromptBehavior: dismiss and notify}
Session ID: 08755cf3106f6f62d0a1b250a81a5474
  sun.reflect.NativeConstructorAccessorImpl.newInstance0(Native Method)
  sun.reflect.NativeConstructorAccessorImpl.newInstance(NativeConstructorAccessorImpl.java:62)
  sun.reflect.DelegatingConstructorAccessorImpl.newInstance(DelegatingConstructorAccessorImpl.java:45)
  java.lang.reflect.Constructor.newInstance(Constructor.java:423)
  org.openqa.selenium.remote.http.W3CHttpResponseCodec.createException(W3CHttpResponseCodec.java:187)
  org.openqa.selenium.remote.http.W3CHttpResponseCodec.decode(W3CHttpResponseCodec.java:122)
  org.openqa.selenium.remote.http.W3CHttpResponseCodec.decode(W3CHttpResponseCodec.java:49)
  org.openqa.selenium.remote.HttpCommandExecutor.execute(HttpCommandExecutor.java:158)
  org.openqa.selenium.remote.service.DriverCommandExecutor.execute(DriverCommandExecutor.java:83)
  org.openqa.selenium.remote.RemoteWebDriver.execute(RemoteWebDriver.java:552)
  org.openqa.selenium.remote.RemoteWebDriver.get(RemoteWebDriver.java:277)
  BasePage.BaseTest.initConfig(BaseTest.java:82)
  TestCases.CreateAccountTest.createAccountTest(CreateAccountTest.java:35)
  sun.reflect.NativeMethodAccessorImpl.invoke0(Native Method)
  sun.reflect.NativeMethodAccessorImpl.invoke(NativeMethodAccessorImpl.java:62)
  sun.reflect.DelegatingMethodAccessorImpl.invoke(DelegatingMethodAccessorImpl.java:43)
  java.lang.reflect.Method.invoke(Method.java:498)
  org.testng.internal.MethodInvocationHelper.invokeMethod(MethodInvocationHelper.java:108)
  org.testng.internal.Invoker.invokeMethod(Invoker.java:661)
  org.testng.internal.Invoker.invokeTestMethod(Invoker.java:869)
  org.testng.internal.Invoker.invokeTestMethods(Invoker.java:1193)
  org.testng.internal.TestMethodWorker.invokeTestMethods(TestMethodWorker.java:126)
  org.testng.internal.TestMethodWorker.run(TestMethodWorker.java:109)
  org.testng.TestRunner.privateRun(TestRunner.java:744)
  org.testng.TestRunner.run(TestRunner.java:602)
  org.testng.SuiteRunner.runTest(SuiteRunner.java:380)
  org.testng.SuiteRunner.runSequentially(SuiteRunner.java:375)
  org.testng.SuiteRunner.privateRun(SuiteRunner.java:340)
  org.testng.SuiteRunner.run(SuiteRunner.java:289)
  org.testng.SuiteRunnerWorker.runSuite(SuiteRunnerWorker.java:52)
  org.testng.SuiteRunnerWorker.run(SuiteRunnerWorker.java:86)
  org.testng.TestNG.runSuitesSequentially(TestNG.java:1301)
  org.testng.TestNG.runSuitesLocally(TestNG.java:1226)
  org.testng.TestNG.runSuites(TestNG.java:1144)
  org.testng.TestNG.run(TestNG.java:1115)
  org.apache.maven.surefire.testng.TestNGExecutor.run(TestNGExecutor.java:295)
  org.apache.maven.surefire.testng.TestNGXmlTestSuite.execute(TestNGXmlTestSuite.java:84)
  org.apache.maven.surefire.testng.TestNGProvider.invoke(TestNGProvider.java:90)
  org.apache.maven.surefire.booter.ForkedBooter.invokeProviderInSameClassLoader(ForkedBooter.java:203)
  org.apache.maven.surefire.booter.ForkedBooter.runSuitesInProcess(ForkedBooter.java:155)
  org.apache.maven.surefire.booter.ForkedBooter.main(ForkedBooter.java:103)
]]>
      </failure>

          </testcase>
            <testcase name="createAccountTest" time="4.702" classname="TestCases.CreateAccountTest">
                <failure type="org.openqa.selenium.SessionNotCreatedException"
                  message="session not created
from chrome not reachable
  (Session info: chrome=76.0.3809.100)
Build info: version: &apos;3.141.59&apos;, revision: &apos;e82be7d358&apos;, time: &apos;2018-11-14T08:17:03&apos;
System info: host: &apos;AKUNDU18&apos;, ip: &apos;192.168.1.106&apos;, os.name: &apos;Windows 10&apos;, os.arch: &apos;amd64&apos;, os.version: &apos;10.0&apos;, java.version: &apos;1.8.0_211&apos;
Driver info: driver.version: ChromeDriver
remote stacktrace: Backtrace:
	Ordinal0 [0x00407C93+1473683]
	Ordinal0 [0x0038ADB1+961969]
	Ordinal0 [0x0031418C+475532]
	Ordinal0 [0x0030DB1A+449306]
	Ordinal0 [0x0030E1B8+451000]
	Ordinal0 [0x0030F2C5+455365]
	Ordinal0 [0x0030B4C5+439493]
	Ordinal0 [0x00314F40+479040]
	Ordinal0 [0x002C98FE+170238]
	Ordinal0 [0x002C8D1D+167197]
	Ordinal0 [0x002C742B+160811]
	Ordinal0 [0x002B0AE6+68326]
	Ordinal0 [0x002B1BF0+72688]
	Ordinal0 [0x002B1B89+72585]
	Ordinal0 [0x003A4B77+1067895]
	GetHandleVerifier [0x004A6875+506677]
	GetHandleVerifier [0x004A6610+506064]
	GetHandleVerifier [0x004AD1B8+533624]
	GetHandleVerifier [0x004A704A+508682]
	Ordinal0 [0x0039C266+1032806]
	Ordinal0 [0x0039C0DF+1032415]
	Ordinal0 [0x003A6A8B+1075851]
	Ordinal0 [0x003A6BF3+1076211]
	Ordinal0 [0x003A5BA5+1072037]
	BaseThreadInitThunk [0x77610419+25]
	RtlGetAppContainerNamedObjectPath [0x77DD662D+237]
	RtlGetAppContainerNamedObjectPath [0x77DD65FD+189]
"
              >
<![CDATA[org.openqa.selenium.SessionNotCreatedException: session not created
from chrome not reachable
  (Session info: chrome=76.0.3809.100)
Build info: version: '3.141.59', revision: 'e82be7d358', time: '2018-11-14T08:17:03'
System info: host: 'AKUNDU18', ip: '192.168.1.106', os.name: 'Windows 10', os.arch: 'amd64', os.version: '10.0', java.version: '1.8.0_211'
Driver info: driver.version: ChromeDriver
remote stacktrace: Backtrace:
	Ordinal0 [0x00407C93+1473683]
	Ordinal0 [0x0038ADB1+961969]
	Ordinal0 [0x0031418C+475532]
	Ordinal0 [0x0030DB1A+449306]
	Ordinal0 [0x0030E1B8+451000]
	Ordinal0 [0x0030F2C5+455365]
	Ordinal0 [0x0030B4C5+439493]
	Ordinal0 [0x00314F40+479040]
	Ordinal0 [0x002C98FE+170238]
	Ordinal0 [0x002C8D1D+167197]
	Ordinal0 [0x002C742B+160811]
	Ordinal0 [0x002B0AE6+68326]
	Ordinal0 [0x002B1BF0+72688]
	Ordinal0 [0x002B1B89+72585]
	Ordinal0 [0x003A4B77+1067895]
	GetHandleVerifier [0x004A6875+506677]
	GetHandleVerifier [0x004A6610+506064]
	GetHandleVerifier [0x004AD1B8+533624]
	GetHandleVerifier [0x004A704A+508682]
	Ordinal0 [0x0039C266+1032806]
	Ordinal0 [0x0039C0DF+1032415]
	Ordinal0 [0x003A6A8B+1075851]
	Ordinal0 [0x003A6BF3+1076211]
	Ordinal0 [0x003A5BA5+1072037]
	BaseThreadInitThunk [0x77610419+25]
	RtlGetAppContainerNamedObjectPath [0x77DD662D+237]
	RtlGetAppContainerNamedObjectPath [0x77DD65FD+189]

  sun.reflect.NativeConstructorAccessorImpl.newInstance0(Native Method)
  sun.reflect.NativeConstructorAccessorImpl.newInstance(NativeConstructorAccessorImpl.java:62)
  sun.reflect.DelegatingConstructorAccessorImpl.newInstance(DelegatingConstructorAccessorImpl.java:45)
  java.lang.reflect.Constructor.newInstance(Constructor.java:423)
  org.openqa.selenium.remote.W3CHandshakeResponse.lambda$errorHandler$0(W3CHandshakeResponse.java:62)
  org.openqa.selenium.remote.HandshakeResponse.lambda$getResponseFunction$0(HandshakeResponse.java:30)
  org.openqa.selenium.remote.ProtocolHandshake.lambda$createSession$0(ProtocolHandshake.java:126)
  java.util.stream.ReferencePipeline$3$1.accept(ReferencePipeline.java:193)
  java.util.Spliterators$ArraySpliterator.tryAdvance(Spliterators.java:958)
  java.util.stream.ReferencePipeline.forEachWithCancel(ReferencePipeline.java:126)
  java.util.stream.AbstractPipeline.copyIntoWithCancel(AbstractPipeline.java:498)
  java.util.stream.AbstractPipeline.copyInto(AbstractPipeline.java:485)
  java.util.stream.AbstractPipeline.wrapAndCopyInto(AbstractPipeline.java:471)
  java.util.stream.FindOps$FindOp.evaluateSequential(FindOps.java:152)
  java.util.stream.AbstractPipeline.evaluate(AbstractPipeline.java:234)
  java.util.stream.ReferencePipeline.findFirst(ReferencePipeline.java:464)
  org.openqa.selenium.remote.ProtocolHandshake.createSession(ProtocolHandshake.java:128)
  org.openqa.selenium.remote.ProtocolHandshake.createSession(ProtocolHandshake.java:74)
  org.openqa.selenium.remote.HttpCommandExecutor.execute(HttpCommandExecutor.java:136)
  org.openqa.selenium.remote.service.DriverCommandExecutor.execute(DriverCommandExecutor.java:83)
  org.openqa.selenium.remote.RemoteWebDriver.execute(RemoteWebDriver.java:552)
  org.openqa.selenium.remote.RemoteWebDriver.startSession(RemoteWebDriver.java:213)
  org.openqa.selenium.remote.RemoteWebDriver.<init>(RemoteWebDriver.java:131)
  org.openqa.selenium.chrome.ChromeDriver.<init>(ChromeDriver.java:181)
  org.openqa.selenium.chrome.ChromeDriver.<init>(ChromeDriver.java:168)
  org.openqa.selenium.chrome.ChromeDriver.<init>(ChromeDriver.java:123)
  BasePage.BaseTest.initConfig(BaseTest.java:61)
  TestCases.CreateAccountTest.createAccountTest(CreateAccountTest.java:35)
  sun.reflect.NativeMethodAccessorImpl.invoke0(Native Method)
  sun.reflect.NativeMethodAccessorImpl.invoke(NativeMethodAccessorImpl.java:62)
  sun.reflect.DelegatingMethodAccessorImpl.invoke(DelegatingMethodAccessorImpl.java:43)
  java.lang.reflect.Method.invoke(Method.java:498)
  org.testng.internal.MethodInvocationHelper.invokeMethod(MethodInvocationHelper.java:108)
  org.testng.internal.Invoker.invokeMethod(Invoker.java:661)
  org.testng.internal.Invoker.invokeTestMethod(Invoker.java:869)
  org.testng.internal.Invoker.invokeTestMethods(Invoker.java:1193)
  org.testng.internal.TestMethodWorker.invokeTestMethods(TestMethodWorker.java:126)
  org.testng.internal.TestMethodWorker.run(TestMethodWorker.java:109)
  org.testng.TestRunner.privateRun(TestRunner.java:744)
  org.testng.TestRunner.run(TestRunner.java:602)
  org.testng.SuiteRunner.runTest(SuiteRunner.java:380)
  org.testng.SuiteRunner.runSequentially(SuiteRunner.java:375)
  org.testng.SuiteRunner.privateRun(SuiteRunner.java:340)
  org.testng.SuiteRunner.run(SuiteRunner.java:289)
  org.testng.SuiteRunnerWorker.runSuite(SuiteRunnerWorker.java:52)
  org.testng.SuiteRunnerWorker.run(SuiteRunnerWorker.java:86)
  org.testng.TestNG.runSuitesSequentially(TestNG.java:1301)
  org.testng.TestNG.runSuitesLocally(TestNG.java:1226)
  org.testng.TestNG.runSuites(TestNG.java:1144)
  org.testng.TestNG.run(TestNG.java:1115)
  org.apache.maven.surefire.testng.TestNGExecutor.run(TestNGExecutor.java:295)
  org.apache.maven.surefire.testng.TestNGXmlTestSuite.execute(TestNGXmlTestSuite.java:84)
  org.apache.maven.surefire.testng.TestNGProvider.invoke(TestNGProvider.java:90)
  org.apache.maven.surefire.booter.ForkedBooter.invokeProviderInSameClassLoader(ForkedBooter.java:203)
  org.apache.maven.surefire.booter.ForkedBooter.runSuitesInProcess(ForkedBooter.java:155)
  org.apache.maven.surefire.booter.ForkedBooter.main(ForkedBooter.java:103)
]]>
      </failure>

          </testcase>
  
            <testcase name="createAccountTest" time="0.0" classname="TestCases.CreateAccountTest">
          <skipped />
    </testcase>
  
  
</testsuite>
